<?xml version="1.0" encoding="utf-8"?><testsuites name="pytest tests"><testsuite name="pytest" errors="0" failures="0" skipped="0" tests="23" time="5.081" timestamp="2026-09-09T00:11:21.774471+00:00" hostname="agent-env-6f2bb59b-1fc9-4791-885c-f8de100e9da5"><testcase classname="tests.backend_test.TestAuth" name="test_health" time="0.375" /><testcase classname="tests.backend_test.TestPublicContent" name="test_list[articles]" time="0.407" /><testcase classname="tests.backend_test.TestAuth" name="test_login_bad" time="0.476" /><testcase classname="tests.backend_test.TestPublicContent" name="test_list[resources]" time="0.161" /><testcase classname="tests.backend_test.TestPublicContent" name="test_list[oregon-info]" time="0.241" /><testcase classname="tests.backend_test.TestPublicContent" name="test_list[places]" time="0.153" /><testcase classname="tests.backend_test.TestPublicContent" name="test_detail_by_slug_increments_views[articles]" time="0.801" /><testcase classname="tests.backend_test.TestAuth" name="test_me" time="0.624" /><testcase classname="tests.backend_test.TestAdminArticles" name="test_create_article" time="0.230" /><testcase classname="tests.backend_test.TestAdminArticles" name="test_publish_by_super_admin" time="0.397" /><testcase classname="tests.backend_test.TestPublicContent" name="test_detail_by_slug_increments_views[resources]" time="0.462" /><testcase classname="tests.backend_test.TestAdminArticles" name="test_delete_article" time="0.300" /><testcase classname="tests.backend_test.TestPublicContent" name="test_detail_by_slug_increments_views[oregon-info]" time="0.402" /><testcase classname="tests.backend_test.TestElections" name="test_public_elections" time="0.131" /><testcase classname="tests.backend_test.TestElections" name="test_public_races" time="0.319" /><testcase classname="tests.backend_test.TestPublicContent" name="test_detail_by_slug_increments_views[places]" time="0.466" /><testcase classname="tests.backend_test.TestElections" name="test_public_candidate" time="0.423" /><testcase classname="tests.backend_test.TestConfigStats" name="test_config" time="0.137" /><testcase classname="tests.backend_test.TestAI" name="test_ai_requires_auth" time="0.324" /><testcase classname="tests.backend_test.TestConfigStats" name="test_stats" time="0.569" /><testcase classname="tests.backend_test.TestAI" name="test_ai_headline" time="0.942" /><testcase classname="tests.backend_test.TestMedia" name="test_upload_and_list" time="0.508" /><testcase classname="tests.backend_test.TestSearch" name="test_search" time="0.190" /></testsuite></testsuites>