<?xml version="1.0" encoding="utf-8"?><testsuites name="pytest tests"><testsuite name="pytest" errors="0" failures="0" skipped="0" tests="9" time="2.822" timestamp="2026-09-10T17:24:31.629369+00:00" hostname="agent-env-6f2bb59b-1fc9-4791-885c-f8de100e9da5"><testcase classname="tests.test_media_and_public" name="test_public_endpoint_200[/api/public/articles]" time="0.216" /><testcase classname="tests.test_media_and_public" name="test_public_endpoint_200[/api/public/resources]" time="0.084" /><testcase classname="tests.test_media_and_public" name="test_public_endpoint_200[/api/public/oregon-info]" time="0.082" /><testcase classname="tests.test_media_and_public" name="test_public_endpoint_200[/api/public/places]" time="0.084" /><testcase classname="tests.test_media_and_public" name="test_public_endpoint_200[/api/site-settings]" time="0.076" /><testcase classname="tests.test_media_and_public" name="test_media_serves_valid_image" time="0.247" /><testcase classname="tests.test_media_and_public" name="test_media_all_disk_files_served" time="0.497" /><testcase classname="tests.test_media_and_public" name="test_admin_upload_saves_to_disk_and_serves" time="0.846" /><testcase classname="tests.test_media_and_public" name="test_frontend_title_no_emergent" time="0.159" /></testsuite></testsuites>