<?xml version="1.0" encoding="utf-8"?><testsuites name="pytest tests"><testsuite name="pytest" errors="0" failures="0" skipped="0" tests="3" time="108.037" timestamp="2026-09-10T01:48:37.826011+00:00" hostname="agent-env-6f2bb59b-1fc9-4791-885c-f8de100e9da5"><testcase classname="tests.test_webp_compression" name="test_ai_illustrate_webp" time="56.005" /><testcase classname="tests.test_webp_compression" name="test_ai_image_webp" time="50.534" /><testcase classname="tests.test_webp_compression" name="test_media_upload_webp" time="0.908" /></testsuite></testsuites>